2023-03-13T04:45:16+00:00 CRITICAL Uncaught Error: Class 'Elementor\Widget_image_gallery' not found in /home/nhvntjnj/vnta.com.vn/wp-content/plugins/elementor/includes/managers/widgets.php:89
Stack trace:
#0 /home/nhvntjnj/vnta.com.vn/wp-content/plugins/elementor/includes/managers/widgets.php(327): Elementor\Widgets_Manager->init_widgets()
#1 /home/nhvntjnj/vnta.com.vn/wp-content/plugins/elementor/includes/elements/column.php(1060): Elementor\Widgets_Manager->get_widget_types('image')
#2 /home/nhvntjnj/vnta.com.vn/wp-content/plugins/elementor/includes/base/element-base.php(1414): Elementor\Element_Column->_get_default_child_type(Array)
#3 /home/nhvntjnj/vnta.com.vn/wp-content/plugins/elementor/includes/base/element-base.php(340): Elementor\Element_Base->get_child_type(Array)
#4 /home/nhvntjnj/vnta.com.vn/wp-content/plugins/elementor/includes/base/element-base.php(1459): Elementor\Element_Base->add_child(Array)
#5 /home/nhvntjnj/vnta.com.vn/wp-content/plugins/elementor/includes/base/element-base.php(300): Elementor\Element_Base->init_children() in /home/nhvntjnj/vnta.com.vn/wp-content/plugins/elementor/includes/managers/widgets.php on line 89

2023-03-13T10:50:26+00:00 CRITICAL require(): Failed opening required '/home/nhvntjnj/vnta.com.vn/wp-content/plugins/woocommerce/src/Internal/Admin/Notes/WooSubscriptionsNotes.php' (include_path='.:/opt/alt/php74/usr/share/pear') in /home/nhvntjnj/vnta.com.vn/wp-content/plugins/jetpack/vendor/jetpack-autoloader/class-php-autoloader.php on line 90

2023-03-13T10:50:26+00:00 CRITICAL require(): Failed opening required '/home/nhvntjnj/vnta.com.vn/wp-content/plugins/woocommerce/src/Internal/Admin/ShippingLabelBannerDisplayRules.php' (include_path='.:/opt/alt/php74/usr/share/pear') in /home/nhvntjnj/vnta.com.vn/wp-content/plugins/jetpack/vendor/jetpack-autoloader/class-php-autoloader.php on line 90

2023-03-13T10:50:34+00:00 CRITICAL require(): Failed opening required '/home/nhvntjnj/vnta.com.vn/wp-content/plugins/pinterest-for-woocommerce/src/PluginUpdate.php' (include_path='.:/opt/alt/php74/usr/share/pear') in /home/nhvntjnj/vnta.com.vn/wp-content/plugins/jetpack/vendor/jetpack-autoloader/class-php-autoloader.php on line 90

2023-03-13T10:50:34+00:00 CRITICAL require(): Failed opening required '/home/nhvntjnj/vnta.com.vn/wp-content/plugins/pinterest-for-woocommerce/src/PluginUpdate.php' (include_path='.:/opt/alt/php74/usr/share/pear') in /home/nhvntjnj/vnta.com.vn/wp-content/plugins/jetpack/vendor/jetpack-autoloader/class-php-autoloader.php on line 90

2023-03-13T10:50:35+00:00 CRITICAL require(): Failed opening required '/home/nhvntjnj/vnta.com.vn/wp-content/plugins/google-listings-and-ads/src/Options/Options.php' (include_path='.:/opt/alt/php74/usr/share/pear') in /home/nhvntjnj/vnta.com.vn/wp-content/plugins/jetpack/vendor/jetpack-autoloader/class-php-autoloader.php on line 90

2023-03-13T10:50:47+00:00 CRITICAL require(): Failed opening required '/home/nhvntjnj/vnta.com.vn/wp-content/plugins/google-listings-and-ads/vendor/league/container/src/Container.php' (include_path='.:/opt/alt/php74/usr/share/pear') in /home/nhvntjnj/vnta.com.vn/wp-content/plugins/jetpack/vendor/jetpack-autoloader/class-php-autoloader.php on line 90

2023-03-13T12:21:31+00:00 CRITICAL require_once(): Failed opening required '/home/nhvntjnj/vnta.com.vn/wp-admin/includes/class-wp-internal-pointers.php' (include_path='.:/opt/alt/php74/usr/share/pear') in /home/nhvntjnj/vnta.com.vn/wp-admin/includes/template.php on line 15

2023-03-13T12:21:31+00:00 CRITICAL Uncaught Error: Class 'ElementorPro\Modules\ThemeBuilder\Conditions\Post_Type_By_Author' not found in /home/nhvntjnj/vnta.com.vn/wp-content/plugins/elementor-pro/modules/theme-builder/conditions/post.php:73
Stack trace:
#0 /home/nhvntjnj/vnta.com.vn/wp-content/plugins/elementor-pro/modules/theme-builder/conditions/condition-base.php(66): ElementorPro\Modules\ThemeBuilder\Conditions\Post->register_sub_conditions()
#1 /home/nhvntjnj/vnta.com.vn/wp-content/plugins/elementor-pro/modules/theme-builder/conditions/post.php(31): ElementorPro\Modules\ThemeBuilder\Conditions\Condition_Base->__construct()
#2 /home/nhvntjnj/vnta.com.vn/wp-content/plugins/elementor-pro/modules/theme-builder/conditions/singular.php(43): ElementorPro\Modules\ThemeBuilder\Conditions\Post->__construct(Array)
#3 /home/nhvntjnj/vnta.com.vn/wp-content/plugins/elementor-pro/modules/theme-builder/conditions/condition-base.php(66): ElementorPro\Modules\ThemeBuilder\Conditions\Singular->register_sub_conditions()
#4 /home/nhvntjnj/vnta.com.vn/wp-cont in /home/nhvntjnj/vnta.com.vn/wp-content/plugins/elementor-pro/modules/theme-builder/conditions/post.php on line 73

2023-03-13T12:21:31+00:00 CRITICAL require(): Failed opening required '/home/nhvntjnj/vnta.com.vn/wp-content/plugins/elementor//includes/controls/box-shadow.php' (include_path='.:/opt/alt/php74/usr/share/pear') in /home/nhvntjnj/vnta.com.vn/wp-content/plugins/elementor/includes/autoloader.php on line 294

2023-03-13T12:21:31+00:00 CRITICAL require(): Failed opening required '/home/nhvntjnj/vnta.com.vn/wp-content/plugins/google-listings-and-ads/vendor/google/protobuf/src/Google/Protobuf/OneofDescriptor.php' (include_path='.:/opt/alt/php74/usr/share/pear') in /home/nhvntjnj/vnta.com.vn/wp-content/plugins/jetpack/vendor/jetpack-autoloader/class-php-autoloader.php on line 90

