2023-03-14T18:33:26+00:00 CRITICAL require(): Failed opening required '/home/nhvntjnj/vnta.com.vn/wp-content/plugins/woocommerce/packages/woocommerce-blocks/src/BlockTypes/CheckoutShippingMethodBlock.php' (include_path='.:/opt/alt/php74/usr/share/pear') in /home/nhvntjnj/vnta.com.vn/wp-content/plugins/jetpack/vendor/jetpack-autoloader/class-php-autoloader.php on line 90

2023-03-14T18:33:28+00:00 CRITICAL require(): Failed opening required '/home/nhvntjnj/vnta.com.vn/wp-content/plugins/google-listings-and-ads/src/Jobs/JobInterface.php' (include_path='.:/opt/alt/php74/usr/share/pear') in /home/nhvntjnj/vnta.com.vn/wp-content/plugins/jetpack/vendor/jetpack-autoloader/class-php-autoloader.php on line 90

2023-03-14T18:33:28+00:00 CRITICAL require(): Failed opening required '/home/nhvntjnj/vnta.com.vn/wp-content/plugins/google-listings-and-ads/src/Jobs/BatchedActionSchedulerJobInterface.php' (include_path='.:/opt/alt/php74/usr/share/pear') in /home/nhvntjnj/vnta.com.vn/wp-content/plugins/jetpack/vendor/jetpack-autoloader/class-php-autoloader.php on line 90

2023-03-14T18:33:39+00:00 CRITICAL require(): Failed opening required '/home/nhvntjnj/vnta.com.vn/wp-content/plugins/google-listings-and-ads/src/Proxies/WC.php' (include_path='.:/opt/alt/php74/usr/share/pear') in /home/nhvntjnj/vnta.com.vn/wp-content/plugins/jetpack/vendor/jetpack-autoloader/class-php-autoloader.php on line 90

2023-03-14T18:33:43+00:00 CRITICAL require(): Failed opening required '/home/nhvntjnj/vnta.com.vn/wp-content/plugins/google-listings-and-ads/vendor/google/protobuf/src/Google/Protobuf/Internal/MessageBuilderContext.php' (include_path='.:/opt/alt/php74/usr/share/pear') in /home/nhvntjnj/vnta.com.vn/wp-content/plugins/jetpack/vendor/jetpack-autoloader/class-php-autoloader.php on line 90

2023-03-14T18:35:35+00:00 CRITICAL require(): Failed opening required '/home/nhvntjnj/vnta.com.vn/wp-content/plugins/elementor//includes/managers/image.php' (include_path='.:/opt/alt/php74/usr/share/pear') in /home/nhvntjnj/vnta.com.vn/wp-content/plugins/elementor/includes/autoloader.php on line 294

2023-03-14T18:35:55+00:00 CRITICAL require(): Failed opening required '/home/nhvntjnj/vnta.com.vn/wp-includes/block-patterns/social-links-shared-background-color.php' (include_path='.:/opt/alt/php74/usr/share/pear') in /home/nhvntjnj/vnta.com.vn/wp-includes/block-patterns.php on line 34

2023-03-14T18:35:57+00:00 CRITICAL require(): Failed opening required '/home/nhvntjnj/vnta.com.vn/wp-content/plugins/woocommerce/packages/woocommerce-blocks/src/Registry/Container.php' (include_path='.:/opt/alt/php74/usr/share/pear') in /home/nhvntjnj/vnta.com.vn/wp-content/plugins/jetpack/vendor/jetpack-autoloader/class-php-autoloader.php on line 90

2023-03-14T18:35:57+00:00 CRITICAL require(): Failed opening required '/home/nhvntjnj/vnta.com.vn/wp-content/plugins/woocommerce/packages/woocommerce-blocks/src/Registry/Container.php' (include_path='.:/opt/alt/php74/usr/share/pear') in /home/nhvntjnj/vnta.com.vn/wp-content/plugins/jetpack/vendor/jetpack-autoloader/class-php-autoloader.php on line 90

2023-03-14T18:36:11+00:00 CRITICAL require(): Failed opening required '/home/nhvntjnj/vnta.com.vn/wp-content/plugins/elementor/includes/widgets/traits/button-trait.php' (include_path='.:/opt/alt/php74/usr/share/pear') in /home/nhvntjnj/vnta.com.vn/wp-content/plugins/elementor/includes/autoloader.php on line 294

2023-03-14T18:36:17+00:00 CRITICAL require(): Failed opening required '/home/nhvntjnj/vnta.com.vn/wp-content/plugins/connect-polylang-elementor/includes/finder/manager.php' (include_path='.:/opt/alt/php74/usr/share/pear') in /home/nhvntjnj/vnta.com.vn/wp-content/plugins/connect-polylang-elementor/connect-polylang-elementor.php on line 71

2023-03-14T18:36:17+00:00 CRITICAL require(): Failed opening required '/home/nhvntjnj/vnta.com.vn/wp-content/plugins/connect-polylang-elementor/includes/widgets/manager.php' (include_path='.:/opt/alt/php74/usr/share/pear') in /home/nhvntjnj/vnta.com.vn/wp-content/plugins/connect-polylang-elementor/connect-polylang-elementor.php on line 71

2023-03-14T18:36:17+00:00 CRITICAL require(): Failed opening required '/home/nhvntjnj/vnta.com.vn/wp-content/plugins/connect-polylang-elementor/includes/widgets/manager.php' (include_path='.:/opt/alt/php74/usr/share/pear') in /home/nhvntjnj/vnta.com.vn/wp-content/plugins/connect-polylang-elementor/connect-polylang-elementor.php on line 71

2023-03-14T18:36:26+00:00 CRITICAL Uncaught Error: Class 'PLL_Nav_Menu' not found in /home/nhvntjnj/vnta.com.vn/wp-content/plugins/polylang/admin/admin-nav-menu.php:11
Stack trace:
#0 /home/nhvntjnj/vnta.com.vn/wp-content/plugins/polylang/vendor/composer/ClassLoader.php(444): include()
#1 /home/nhvntjnj/vnta.com.vn/wp-content/plugins/polylang/vendor/composer/ClassLoader.php(322): Composer\Autoload\includeFile('/home/nhvntjnj/...')
#2 [internal function]: Composer\Autoload\ClassLoader->loadClass('PLL_Admin_Nav_M...')
#3 /home/nhvntjnj/vnta.com.vn/wp-content/plugins/polylang/admin/admin.php(153): spl_autoload_call('PLL_Admin_Nav_M...')
#4 /home/nhvntjnj/vnta.com.vn/wp-includes/class-wp-hook.php(308): PLL_Admin->add_filters('')
#5 /home/nhvntjnj/vnta.com.vn/wp-includes/class-wp-hook.php(332): WP_Hook->apply_filters('', Array)
#6 /home/nhvntjnj/vnta.com.vn/wp-includes/plugin.php(517): WP_Hook->do_action(Array)
#7 /home/nhvntjnj/vnta.com.vn/wp-settings.php(639): do_action('wp_loaded')
#8 /home/nhvntjnj/vnta.com.vn/wp-config.php(102): require_once(' in /home/nhvntjnj/vnta.com.vn/wp-content/plugins/polylang/admin/admin-nav-menu.php on line 11

2023-03-14T18:36:48+00:00 CRITICAL Uncaught Error: Class 'WC_Cache_Helper' not found in /home/nhvntjnj/vnta.com.vn/wp-content/plugins/woocommerce/includes/class-wc-session-handler.php:327
Stack trace:
#0 /home/nhvntjnj/vnta.com.vn/wp-content/plugins/woocommerce/includes/class-wc-session-handler.php(441): WC_Session_Handler->get_cache_prefix()
#1 /home/nhvntjnj/vnta.com.vn/wp-content/plugins/woocommerce/includes/class-wc-session-handler.php(318): WC_Session_Handler->get_session('1', Array)
#2 /home/nhvntjnj/vnta.com.vn/wp-content/plugins/woocommerce/includes/class-wc-session-handler.php(120): WC_Session_Handler->get_session_data()
#3 /home/nhvntjnj/vnta.com.vn/wp-content/plugins/woocommerce/includes/class-wc-session-handler.php(71): WC_Session_Handler->init_session_cookie()
#4 /home/nhvntjnj/vnta.com.vn/wp-content/plugins/woocommerce/includes/class-woocommerce.php(862): WC_Session_Handler->init()
#5 /home/nhvntjnj/vnta.com.vn/wp-content/plugins/woocommerce/includes/wc-core-functions.php(2552): WooCommerce->initialize_session()
#6 /home/nhvntjnj in /home/nhvntjnj/vnta.com.vn/wp-content/plugins/woocommerce/includes/class-wc-session-handler.php on line 327

2023-03-14T18:37:07+00:00 CRITICAL Uncaught Error: Class 'PLL_Widget_Calendar' not found in /home/nhvntjnj/vnta.com.vn/wp-includes/class-wp-widget-factory.php:62
Stack trace:
#0 /home/nhvntjnj/vnta.com.vn/wp-includes/widgets.php(115): WP_Widget_Factory->register('PLL_Widget_Cale...')
#1 /home/nhvntjnj/vnta.com.vn/wp-content/plugins/polylang/include/base.php(105): register_widget('PLL_Widget_Cale...')
#2 /home/nhvntjnj/vnta.com.vn/wp-includes/class-wp-hook.php(308): PLL_Base->widgets_init('')
#3 /home/nhvntjnj/vnta.com.vn/wp-includes/class-wp-hook.php(332): WP_Hook->apply_filters(NULL, Array)
#4 /home/nhvntjnj/vnta.com.vn/wp-includes/plugin.php(517): WP_Hook->do_action(Array)
#5 /home/nhvntjnj/vnta.com.vn/wp-includes/widgets.php(1854): do_action('widgets_init')
#6 /home/nhvntjnj/vnta.com.vn/wp-includes/class-wp-hook.php(308): wp_widgets_init('')
#7 /home/nhvntjnj/vnta.com.vn/wp-includes/class-wp-hook.php(332): WP_Hook->apply_filters(NULL, Array)
#8 /home/nhvntjnj/vnta.com.vn/wp-includes/plugin.php(517): WP_Hook->do_action(Array)
#9 /home/nhvntj in /home/nhvntjnj/vnta.com.vn/wp-includes/class-wp-widget-factory.php on line 62

2023-03-14T18:37:07+00:00 CRITICAL Uncaught Error: Class 'PLL_Widget_Calendar' not found in /home/nhvntjnj/vnta.com.vn/wp-includes/class-wp-widget-factory.php:62
Stack trace:
#0 /home/nhvntjnj/vnta.com.vn/wp-includes/widgets.php(115): WP_Widget_Factory->register('PLL_Widget_Cale...')
#1 /home/nhvntjnj/vnta.com.vn/wp-content/plugins/polylang/include/base.php(105): register_widget('PLL_Widget_Cale...')
#2 /home/nhvntjnj/vnta.com.vn/wp-includes/class-wp-hook.php(308): PLL_Base->widgets_init('')
#3 /home/nhvntjnj/vnta.com.vn/wp-includes/class-wp-hook.php(332): WP_Hook->apply_filters(NULL, Array)
#4 /home/nhvntjnj/vnta.com.vn/wp-includes/plugin.php(517): WP_Hook->do_action(Array)
#5 /home/nhvntjnj/vnta.com.vn/wp-includes/widgets.php(1854): do_action('widgets_init')
#6 /home/nhvntjnj/vnta.com.vn/wp-includes/class-wp-hook.php(308): wp_widgets_init('')
#7 /home/nhvntjnj/vnta.com.vn/wp-includes/class-wp-hook.php(332): WP_Hook->apply_filters(NULL, Array)
#8 /home/nhvntjnj/vnta.com.vn/wp-includes/plugin.php(517): WP_Hook->do_action(Array)
#9 /home/nhvntj in /home/nhvntjnj/vnta.com.vn/wp-includes/class-wp-widget-factory.php on line 62

2023-03-14T18:37:28+00:00 CRITICAL require(): Failed opening required '/home/nhvntjnj/vnta.com.vn/wp-content/plugins/google-listings-and-ads/src/DB/Migration/Migration20220524T1653383133.php' (include_path='.:/opt/alt/php74/usr/share/pear') in /home/nhvntjnj/vnta.com.vn/wp-content/plugins/jetpack/vendor/jetpack-autoloader/class-php-autoloader.php on line 90

2023-03-14T18:37:29+00:00 CRITICAL require(): Failed opening required '/home/nhvntjnj/vnta.com.vn/wp-content/plugins/google-listings-and-ads/src/DB/Migration/Migration20220524T1653383133.php' (include_path='.:/opt/alt/php74/usr/share/pear') in /home/nhvntjnj/vnta.com.vn/wp-content/plugins/jetpack/vendor/jetpack-autoloader/class-php-autoloader.php on line 90

2023-03-14T18:37:29+00:00 CRITICAL require(): Failed opening required '/home/nhvntjnj/vnta.com.vn/wp-content/plugins/google-listings-and-ads/src/DB/Table.php' (include_path='.:/opt/alt/php74/usr/share/pear') in /home/nhvntjnj/vnta.com.vn/wp-content/plugins/jetpack/vendor/jetpack-autoloader/class-php-autoloader.php on line 90

2023-03-14T18:37:34+00:00 CRITICAL require(): Failed opening required '/home/nhvntjnj/vnta.com.vn/wp-content/plugins/jetpack/jetpack_vendor/automattic/jetpack-connection/src/class-connection-notice.php' (include_path='.:/opt/alt/php74/usr/share/pear') in /home/nhvntjnj/vnta.com.vn/wp-content/plugins/jetpack/vendor/jetpack-autoloader/class-php-autoloader.php on line 90

2023-03-14T18:37:52+00:00 CRITICAL require(): Failed opening required '/home/nhvntjnj/vnta.com.vn/wp-content/plugins/woocommerce/packages/woocommerce-blocks/src/BlockTypes/CheckoutOrderSummaryCartItemsBlock.php' (include_path='.:/opt/alt/php74/usr/share/pear') in /home/nhvntjnj/vnta.com.vn/wp-content/plugins/jetpack/vendor/jetpack-autoloader/class-php-autoloader.php on line 90

2023-03-14T18:38:00+00:00 CRITICAL require(): Failed opening required '/home/nhvntjnj/vnta.com.vn/wp-content/plugins/woocommerce/packages/woocommerce-blocks/src/BlockTypes/ProductSaleBadge.php' (include_path='.:/opt/alt/php74/usr/share/pear') in /home/nhvntjnj/vnta.com.vn/wp-content/plugins/jetpack/vendor/jetpack-autoloader/class-php-autoloader.php on line 90

2023-03-14T18:38:02+00:00 CRITICAL require(): Failed opening required '/home/nhvntjnj/vnta.com.vn/wp-content/plugins/woocommerce/packages/woocommerce-blocks/src/BlockTypes/ProductSaleBadge.php' (include_path='.:/opt/alt/php74/usr/share/pear') in /home/nhvntjnj/vnta.com.vn/wp-content/plugins/jetpack/vendor/jetpack-autoloader/class-php-autoloader.php on line 90

2023-03-14T18:38:21+00:00 CRITICAL require(): Failed opening required '/home/nhvntjnj/vnta.com.vn/wp-content/plugins/google-listings-and-ads/src/Menu/SetupAds.php' (include_path='.:/opt/alt/php74/usr/share/pear') in /home/nhvntjnj/vnta.com.vn/wp-content/plugins/jetpack/vendor/jetpack-autoloader/class-php-autoloader.php on line 90

2023-03-14T18:38:21+00:00 CRITICAL require(): Failed opening required '/home/nhvntjnj/vnta.com.vn/wp-content/plugins/google-listings-and-ads/src/Menu/Dashboard.php' (include_path='.:/opt/alt/php74/usr/share/pear') in /home/nhvntjnj/vnta.com.vn/wp-content/plugins/jetpack/vendor/jetpack-autoloader/class-php-autoloader.php on line 90

2023-03-14T18:38:21+00:00 CRITICAL require(): Failed opening required '/home/nhvntjnj/vnta.com.vn/wp-content/plugins/google-listings-and-ads/src/Menu/SetupAds.php' (include_path='.:/opt/alt/php74/usr/share/pear') in /home/nhvntjnj/vnta.com.vn/wp-content/plugins/jetpack/vendor/jetpack-autoloader/class-php-autoloader.php on line 90

2023-03-14T18:38:21+00:00 CRITICAL require(): Failed opening required '/home/nhvntjnj/vnta.com.vn/wp-content/plugins/google-listings-and-ads/src/Menu/SetupAds.php' (include_path='.:/opt/alt/php74/usr/share/pear') in /home/nhvntjnj/vnta.com.vn/wp-content/plugins/jetpack/vendor/jetpack-autoloader/class-php-autoloader.php on line 90

2023-03-14T18:38:21+00:00 CRITICAL require(): Failed opening required '/home/nhvntjnj/vnta.com.vn/wp-content/plugins/google-listings-and-ads/src/Menu/SetupAds.php' (include_path='.:/opt/alt/php74/usr/share/pear') in /home/nhvntjnj/vnta.com.vn/wp-content/plugins/jetpack/vendor/jetpack-autoloader/class-php-autoloader.php on line 90

2023-03-14T18:38:21+00:00 CRITICAL require(): Failed opening required '/home/nhvntjnj/vnta.com.vn/wp-content/plugins/google-listings-and-ads/src/Menu/SetupAds.php' (include_path='.:/opt/alt/php74/usr/share/pear') in /home/nhvntjnj/vnta.com.vn/wp-content/plugins/jetpack/vendor/jetpack-autoloader/class-php-autoloader.php on line 90

2023-03-14T18:38:21+00:00 CRITICAL require(): Failed opening required '/home/nhvntjnj/vnta.com.vn/wp-content/plugins/google-listings-and-ads/src/Menu/Dashboard.php' (include_path='.:/opt/alt/php74/usr/share/pear') in /home/nhvntjnj/vnta.com.vn/wp-content/plugins/jetpack/vendor/jetpack-autoloader/class-php-autoloader.php on line 90

2023-03-14T18:38:37+00:00 CRITICAL Uncaught Error: Class '\ElementorPro\Modules\Usage\Module' not found in /home/nhvntjnj/vnta.com.vn/wp-content/plugins/elementor-pro/core/modules-manager.php:74
Stack trace:
#0 /home/nhvntjnj/vnta.com.vn/wp-content/plugins/elementor-pro/plugin.php(357): ElementorPro\Core\Modules_Manager->__construct()
#1 /home/nhvntjnj/vnta.com.vn/wp-includes/class-wp-hook.php(308): ElementorPro\Plugin->on_elementor_init('')
#2 /home/nhvntjnj/vnta.com.vn/wp-includes/class-wp-hook.php(332): WP_Hook->apply_filters(NULL, Array)
#3 /home/nhvntjnj/vnta.com.vn/wp-includes/plugin.php(517): WP_Hook->do_action(Array)
#4 /home/nhvntjnj/vnta.com.vn/wp-content/plugins/elementor/includes/plugin.php(652): do_action('elementor/init')
#5 /home/nhvntjnj/vnta.com.vn/wp-includes/class-wp-hook.php(308): Elementor\Plugin->init('')
#6 /home/nhvntjnj/vnta.com.vn/wp-includes/class-wp-hook.php(332): WP_Hook->apply_filters(NULL, Array)
#7 /home/nhvntjnj/vnta.com.vn/wp-includes/plugin.php(517): WP_Hook->do_action(Array)
#8 /home/nhvntjnj/vnta.com.vn/wp- in /home/nhvntjnj/vnta.com.vn/wp-content/plugins/elementor-pro/core/modules-manager.php on line 74

2023-03-14T18:38:37+00:00 CRITICAL Uncaught Error: Class '\ElementorPro\Modules\Usage\Module' not found in /home/nhvntjnj/vnta.com.vn/wp-content/plugins/elementor-pro/core/modules-manager.php:74
Stack trace:
#0 /home/nhvntjnj/vnta.com.vn/wp-content/plugins/elementor-pro/plugin.php(357): ElementorPro\Core\Modules_Manager->__construct()
#1 /home/nhvntjnj/vnta.com.vn/wp-includes/class-wp-hook.php(308): ElementorPro\Plugin->on_elementor_init('')
#2 /home/nhvntjnj/vnta.com.vn/wp-includes/class-wp-hook.php(332): WP_Hook->apply_filters(NULL, Array)
#3 /home/nhvntjnj/vnta.com.vn/wp-includes/plugin.php(517): WP_Hook->do_action(Array)
#4 /home/nhvntjnj/vnta.com.vn/wp-content/plugins/elementor/includes/plugin.php(652): do_action('elementor/init')
#5 /home/nhvntjnj/vnta.com.vn/wp-includes/class-wp-hook.php(308): Elementor\Plugin->init('')
#6 /home/nhvntjnj/vnta.com.vn/wp-includes/class-wp-hook.php(332): WP_Hook->apply_filters(NULL, Array)
#7 /home/nhvntjnj/vnta.com.vn/wp-includes/plugin.php(517): WP_Hook->do_action(Array)
#8 /home/nhvntjnj/vnta.com.vn/wp- in /home/nhvntjnj/vnta.com.vn/wp-content/plugins/elementor-pro/core/modules-manager.php on line 74

2023-03-14T18:38:37+00:00 CRITICAL Uncaught Error: Class 'ElementorPro\Modules\AssetsManager\AssetTypes\Fonts_Manager' not found in /home/nhvntjnj/vnta.com.vn/wp-content/plugins/elementor-pro/modules/assets-manager/module.php:48
Stack trace:
#0 /home/nhvntjnj/vnta.com.vn/wp-content/plugins/elementor/core/base/module.php(85): ElementorPro\Modules\AssetsManager\Module->__construct()
#1 /home/nhvntjnj/vnta.com.vn/wp-content/plugins/elementor-pro/core/modules-manager.php(85): Elementor\Core\Base\Module::instance()
#2 /home/nhvntjnj/vnta.com.vn/wp-content/plugins/elementor-pro/plugin.php(357): ElementorPro\Core\Modules_Manager->__construct()
#3 /home/nhvntjnj/vnta.com.vn/wp-includes/class-wp-hook.php(308): ElementorPro\Plugin->on_elementor_init('')
#4 /home/nhvntjnj/vnta.com.vn/wp-includes/class-wp-hook.php(332): WP_Hook->apply_filters(NULL, Array)
#5 /home/nhvntjnj/vnta.com.vn/wp-includes/plugin.php(517): WP_Hook->do_action(Array)
#6 /home/nhvntjnj/vnta.com.vn/wp-content/plugins/elementor/includes/plugin.php(652): do_action('elementor/init')
#7 /h in /home/nhvntjnj/vnta.com.vn/wp-content/plugins/elementor-pro/modules/assets-manager/module.php on line 48

2023-03-14T18:38:38+00:00 CRITICAL require(): Failed opening required '/home/nhvntjnj/vnta.com.vn/wp-content/plugins/woocommerce/packages/woocommerce-blocks/src/BlockTypes/ProductSummary.php' (include_path='.:/opt/alt/php74/usr/share/pear') in /home/nhvntjnj/vnta.com.vn/wp-content/plugins/jetpack/vendor/jetpack-autoloader/class-php-autoloader.php on line 90

2023-03-14T18:39:12+00:00 CRITICAL require(): Failed opening required '/home/nhvntjnj/vnta.com.vn/wp-content/plugins/woocommerce/src/Admin/Overrides/OrderTraits.php' (include_path='.:/opt/alt/php74/usr/share/pear') in /home/nhvntjnj/vnta.com.vn/wp-content/plugins/jetpack/vendor/jetpack-autoloader/class-php-autoloader.php on line 90

2023-03-14T18:39:12+00:00 CRITICAL require(): Failed opening required '/home/nhvntjnj/vnta.com.vn/wp-content/plugins/woocommerce/src/Admin/Overrides/OrderTraits.php' (include_path='.:/opt/alt/php74/usr/share/pear') in /home/nhvntjnj/vnta.com.vn/wp-content/plugins/jetpack/vendor/jetpack-autoloader/class-php-autoloader.php on line 90

2023-03-14T18:39:13+00:00 CRITICAL require(): Failed opening required '/home/nhvntjnj/vnta.com.vn/wp-content/plugins/woocommerce/src/Admin/Overrides/OrderTraits.php' (include_path='.:/opt/alt/php74/usr/share/pear') in /home/nhvntjnj/vnta.com.vn/wp-content/plugins/jetpack/vendor/jetpack-autoloader/class-php-autoloader.php on line 90

2023-03-14T18:39:24+00:00 CRITICAL Uncaught Error: Class '\ElementorPro\Modules\ThemeBuilder\Module' not found in /home/nhvntjnj/vnta.com.vn/wp-content/plugins/elementor-pro/core/modules-manager.php:74
Stack trace:
#0 /home/nhvntjnj/vnta.com.vn/wp-content/plugins/elementor-pro/plugin.php(357): ElementorPro\Core\Modules_Manager->__construct()
#1 /home/nhvntjnj/vnta.com.vn/wp-includes/class-wp-hook.php(308): ElementorPro\Plugin->on_elementor_init('')
#2 /home/nhvntjnj/vnta.com.vn/wp-includes/class-wp-hook.php(332): WP_Hook->apply_filters(NULL, Array)
#3 /home/nhvntjnj/vnta.com.vn/wp-includes/plugin.php(517): WP_Hook->do_action(Array)
#4 /home/nhvntjnj/vnta.com.vn/wp-content/plugins/elementor/includes/plugin.php(652): do_action('elementor/init')
#5 /home/nhvntjnj/vnta.com.vn/wp-includes/class-wp-hook.php(308): Elementor\Plugin->init('')
#6 /home/nhvntjnj/vnta.com.vn/wp-includes/class-wp-hook.php(332): WP_Hook->apply_filters(NULL, Array)
#7 /home/nhvntjnj/vnta.com.vn/wp-includes/plugin.php(517): WP_Hook->do_action(Array)
#8 /home/nhvntjnj/vnta.com in /home/nhvntjnj/vnta.com.vn/wp-content/plugins/elementor-pro/core/modules-manager.php on line 74

2023-03-14T18:39:24+00:00 CRITICAL Uncaught Error: Class '\ElementorPro\Modules\AssetsManager\Module' not found in /home/nhvntjnj/vnta.com.vn/wp-content/plugins/elementor-pro/core/modules-manager.php:74
Stack trace:
#0 /home/nhvntjnj/vnta.com.vn/wp-content/plugins/elementor-pro/plugin.php(357): ElementorPro\Core\Modules_Manager->__construct()
#1 /home/nhvntjnj/vnta.com.vn/wp-includes/class-wp-hook.php(308): ElementorPro\Plugin->on_elementor_init('')
#2 /home/nhvntjnj/vnta.com.vn/wp-includes/class-wp-hook.php(332): WP_Hook->apply_filters(NULL, Array)
#3 /home/nhvntjnj/vnta.com.vn/wp-includes/plugin.php(517): WP_Hook->do_action(Array)
#4 /home/nhvntjnj/vnta.com.vn/wp-content/plugins/elementor/includes/plugin.php(652): do_action('elementor/init')
#5 /home/nhvntjnj/vnta.com.vn/wp-includes/class-wp-hook.php(308): Elementor\Plugin->init('')
#6 /home/nhvntjnj/vnta.com.vn/wp-includes/class-wp-hook.php(332): WP_Hook->apply_filters(NULL, Array)
#7 /home/nhvntjnj/vnta.com.vn/wp-includes/plugin.php(517): WP_Hook->do_action(Array)
#8 /home/nhvntjnj/vnta.co in /home/nhvntjnj/vnta.com.vn/wp-content/plugins/elementor-pro/core/modules-manager.php on line 74

2023-03-14T18:39:24+00:00 CRITICAL Uncaught Error: Class '\ElementorPro\Modules\ThemeBuilder\Module' not found in /home/nhvntjnj/vnta.com.vn/wp-content/plugins/elementor-pro/core/modules-manager.php:74
Stack trace:
#0 /home/nhvntjnj/vnta.com.vn/wp-content/plugins/elementor-pro/plugin.php(357): ElementorPro\Core\Modules_Manager->__construct()
#1 /home/nhvntjnj/vnta.com.vn/wp-includes/class-wp-hook.php(308): ElementorPro\Plugin->on_elementor_init('')
#2 /home/nhvntjnj/vnta.com.vn/wp-includes/class-wp-hook.php(332): WP_Hook->apply_filters(NULL, Array)
#3 /home/nhvntjnj/vnta.com.vn/wp-includes/plugin.php(517): WP_Hook->do_action(Array)
#4 /home/nhvntjnj/vnta.com.vn/wp-content/plugins/elementor/includes/plugin.php(652): do_action('elementor/init')
#5 /home/nhvntjnj/vnta.com.vn/wp-includes/class-wp-hook.php(308): Elementor\Plugin->init('')
#6 /home/nhvntjnj/vnta.com.vn/wp-includes/class-wp-hook.php(332): WP_Hook->apply_filters(NULL, Array)
#7 /home/nhvntjnj/vnta.com.vn/wp-includes/plugin.php(517): WP_Hook->do_action(Array)
#8 /home/nhvntjnj/vnta.com in /home/nhvntjnj/vnta.com.vn/wp-content/plugins/elementor-pro/core/modules-manager.php on line 74

2023-03-14T18:39:32+00:00 CRITICAL Uncaught Error: Class 'WPSMTP\Admin' not found in /home/nhvntjnj/vnta.com.vn/wp-content/plugins/wp-smtp/wp-smtp.php:77
Stack trace:
#0 /home/nhvntjnj/vnta.com.vn/wp-includes/class-wp-hook.php(308): WP_SMTP->load_admin_requirements('')
#1 /home/nhvntjnj/vnta.com.vn/wp-includes/class-wp-hook.php(332): WP_Hook->apply_filters(NULL, Array)
#2 /home/nhvntjnj/vnta.com.vn/wp-includes/plugin.php(517): WP_Hook->do_action(Array)
#3 /home/nhvntjnj/vnta.com.vn/wp-settings.php(639): do_action('wp_loaded')
#4 /home/nhvntjnj/vnta.com.vn/wp-config.php(102): require_once('/home/nhvntjnj/...')
#5 /home/nhvntjnj/vnta.com.vn/wp-load.php(50): require_once('/home/nhvntjnj/...')
#6 /home/nhvntjnj/vnta.com.vn/wp-cron.php(46): require_once('/home/nhvntjnj/...')
#7 {main}
  thrown in /home/nhvntjnj/vnta.com.vn/wp-content/plugins/wp-smtp/wp-smtp.php on line 77

2023-03-14T18:40:00+00:00 CRITICAL Uncaught Error: Class 'MailPoet\Config\Capabilities' not found in /home/nhvntjnj/vnta.com.vn/wp-content/plugins/mailpoet/lib/Config/Initializer.php:403
Stack trace:
#0 /home/nhvntjnj/vnta.com.vn/wp-content/plugins/mailpoet/lib/Config/Initializer.php(309): MailPoet\Config\Initializer->setupCapabilities()
#1 /home/nhvntjnj/vnta.com.vn/wp-includes/class-wp-hook.php(308): MailPoet\Config\Initializer->initialize('')
#2 /home/nhvntjnj/vnta.com.vn/wp-includes/class-wp-hook.php(332): WP_Hook->apply_filters(NULL, Array)
#3 /home/nhvntjnj/vnta.com.vn/wp-includes/plugin.php(517): WP_Hook->do_action(Array)
#4 /home/nhvntjnj/vnta.com.vn/wp-settings.php(617): do_action('init')
#5 /home/nhvntjnj/vnta.com.vn/wp-config.php(102): require_once('/home/nhvntjnj/...')
#6 /home/nhvntjnj/vnta.com.vn/wp-load.php(50): require_once('/home/nhvntjnj/...')
#7 /home/nhvntjnj/vnta.com.vn/wp-admin/admin-ajax.php(22): require_once('/home/nhvntjnj/...')
#8 {main}
  thrown in /home/nhvntjnj/vnta.com.vn/wp-content/plugins/mailpoet/lib/Config/Initializer.php on line 403

2023-03-14T18:40:44+00:00 CRITICAL require(): Failed opening required '/home/nhvntjnj/vnta.com.vn/wp-content/plugins/jetpack/jetpack_vendor/automattic/jetpack-waf/src/class-waf-rules-manager.php' (include_path='.:/opt/alt/php74/usr/share/pear') in /home/nhvntjnj/vnta.com.vn/wp-content/plugins/jetpack/vendor/jetpack-autoloader/class-php-autoloader.php on line 90

2023-03-14T18:40:56+00:00 CRITICAL require(): Failed opening required '/home/nhvntjnj/vnta.com.vn/wp-content/plugins/connect-polylang-elementor/includes/elementor-assets.php' (include_path='.:/opt/alt/php74/usr/share/pear') in /home/nhvntjnj/vnta.com.vn/wp-content/plugins/connect-polylang-elementor/connect-polylang-elementor.php on line 71

2023-03-14T18:40:56+00:00 CRITICAL require(): Failed opening required '/home/nhvntjnj/vnta.com.vn/wp-content/plugins/connect-polylang-elementor/includes/elementor-assets.php' (include_path='.:/opt/alt/php74/usr/share/pear') in /home/nhvntjnj/vnta.com.vn/wp-content/plugins/connect-polylang-elementor/connect-polylang-elementor.php on line 71

2023-03-14T18:43:42+00:00 CRITICAL require_once(): Failed opening required '/home/nhvntjnj/vnta.com.vn/wp-admin/includes/class-custom-background.php' (include_path='.:/opt/alt/php74/usr/share/pear') in /home/nhvntjnj/vnta.com.vn/wp-includes/theme.php on line 2875

2023-03-14T18:43:45+00:00 CRITICAL require_once(): Failed opening required '/home/nhvntjnj/vnta.com.vn/wp-admin/includes/file.php' (include_path='.:/opt/alt/php74/usr/share/pear') in /home/nhvntjnj/vnta.com.vn/wp-content/plugins/wp-cloudflare-page-cache/libs/cache_controller.class.php on line 24

2023-03-14T18:43:55+00:00 CRITICAL require(): Failed opening required '/home/nhvntjnj/vnta.com.vn/wp-content/plugins/google-listings-and-ads/src/DB/Table/ShippingRateTable.php' (include_path='.:/opt/alt/php74/usr/share/pear') in /home/nhvntjnj/vnta.com.vn/wp-content/plugins/jetpack/vendor/jetpack-autoloader/class-php-autoloader.php on line 90

2023-03-14T18:44:10+00:00 CRITICAL require(): Failed opening required '/home/nhvntjnj/vnta.com.vn/wp-content/plugins/elementor/core/admin/feedback.php' (include_path='.:/opt/alt/php74/usr/share/pear') in /home/nhvntjnj/vnta.com.vn/wp-content/plugins/elementor/includes/autoloader.php on line 294

2023-03-14T18:44:25+00:00 CRITICAL require(): Failed opening required '/home/nhvntjnj/vnta.com.vn/wp-content/plugins/google-listings-and-ads/src/Shipping/ZoneLocationsParser.php' (include_path='.:/opt/alt/php74/usr/share/pear') in /home/nhvntjnj/vnta.com.vn/wp-content/plugins/jetpack/vendor/jetpack-autoloader/class-php-autoloader.php on line 90

2023-03-14T18:44:25+00:00 CRITICAL require(): Failed opening required '/home/nhvntjnj/vnta.com.vn/wp-content/plugins/google-listings-and-ads/src/Shipping/ZoneMethodsParser.php' (include_path='.:/opt/alt/php74/usr/share/pear') in /home/nhvntjnj/vnta.com.vn/wp-content/plugins/jetpack/vendor/jetpack-autoloader/class-php-autoloader.php on line 90

2023-03-14T18:44:41+00:00 CRITICAL require(): Failed opening required '/home/nhvntjnj/vnta.com.vn/wp-content/plugins/woocommerce/packages/woocommerce-blocks/src/BlockTypes/RatingFilter.php' (include_path='.:/opt/alt/php74/usr/share/pear') in /home/nhvntjnj/vnta.com.vn/wp-content/plugins/jetpack/vendor/jetpack-autoloader/class-php-autoloader.php on line 90

2023-03-14T18:44:42+00:00 CRITICAL require(): Failed opening required '/home/nhvntjnj/vnta.com.vn/wp-content/plugins/woocommerce/packages/woocommerce-blocks/src/BlockTypes/RatingFilter.php' (include_path='.:/opt/alt/php74/usr/share/pear') in /home/nhvntjnj/vnta.com.vn/wp-content/plugins/jetpack/vendor/jetpack-autoloader/class-php-autoloader.php on line 90

2023-03-14T18:44:42+00:00 CRITICAL require(): Failed opening required '/home/nhvntjnj/vnta.com.vn/wp-content/plugins/woocommerce/packages/woocommerce-blocks/build/rating-filter.asset.php' (include_path='.:/opt/alt/php74/usr/share/pear') in /home/nhvntjnj/vnta.com.vn/wp-content/plugins/woocommerce/packages/woocommerce-blocks/src/Assets/Api.php on line 98

2023-03-14T18:44:42+00:00 CRITICAL require(): Failed opening required '/home/nhvntjnj/vnta.com.vn/wp-content/plugins/woocommerce/packages/woocommerce-blocks/src/BlockTypes/RatingFilter.php' (include_path='.:/opt/alt/php74/usr/share/pear') in /home/nhvntjnj/vnta.com.vn/wp-content/plugins/jetpack/vendor/jetpack-autoloader/class-php-autoloader.php on line 90

2023-03-14T18:45:12+00:00 CRITICAL require(): Failed opening required '/home/nhvntjnj/vnta.com.vn/wp-content/plugins/google-listings-and-ads/src/DB/TableManager.php' (include_path='.:/opt/alt/php74/usr/share/pear') in /home/nhvntjnj/vnta.com.vn/wp-content/plugins/jetpack/vendor/jetpack-autoloader/class-php-autoloader.php on line 90

2023-03-14T18:45:12+00:00 CRITICAL require(): Failed opening required '/home/nhvntjnj/vnta.com.vn/wp-content/plugins/google-listings-and-ads/src/DB/TableManager.php' (include_path='.:/opt/alt/php74/usr/share/pear') in /home/nhvntjnj/vnta.com.vn/wp-content/plugins/jetpack/vendor/jetpack-autoloader/class-php-autoloader.php on line 90

2023-03-14T18:45:21+00:00 CRITICAL Uncaught Error: Class 'ActionScheduler_DataController' not found in /home/nhvntjnj/vnta.com.vn/wp-content/plugins/woocommerce/packages/action-scheduler/classes/abstracts/ActionScheduler.php:143
Stack trace:
#0 /home/nhvntjnj/vnta.com.vn/wp-content/plugins/woocommerce/packages/action-scheduler/action-scheduler.php(55): ActionScheduler::init('/home/nhvntjnj/...')
#1 /home/nhvntjnj/vnta.com.vn/wp-content/plugins/mailpoet/vendor/woocommerce/action-scheduler/classes/ActionScheduler_Versions.php(39): action_scheduler_initialize_3_dot_5_dot_4()
#2 /home/nhvntjnj/vnta.com.vn/wp-includes/class-wp-hook.php(306): ActionScheduler_Versions::initialize_latest_version()
#3 /home/nhvntjnj/vnta.com.vn/wp-includes/class-wp-hook.php(332): WP_Hook->apply_filters(NULL, Array)
#4 /home/nhvntjnj/vnta.com.vn/wp-includes/plugin.php(517): WP_Hook->do_action(Array)
#5 /home/nhvntjnj/vnta.com.vn/wp-settings.php(480): do_action('plugins_loaded')
#6 /home/nhvntjnj/vnta.com.vn/wp-config.php(102): require_once('/home/nhvntjnj/...')
#7 /home in /home/nhvntjnj/vnta.com.vn/wp-content/plugins/woocommerce/packages/action-scheduler/classes/abstracts/ActionScheduler.php on line 143

2023-03-14T18:45:22+00:00 CRITICAL require(): Failed opening required '/home/nhvntjnj/vnta.com.vn/wp-content/plugins/google-listings-and-ads/src/Exception/WPErrorTrait.php' (include_path='.:/opt/alt/php74/usr/share/pear') in /home/nhvntjnj/vnta.com.vn/wp-content/plugins/jetpack/vendor/jetpack-autoloader/class-php-autoloader.php on line 90

2023-03-14T18:45:22+00:00 CRITICAL Uncaught Error: Class 'ActionScheduler_DataController' not found in /home/nhvntjnj/vnta.com.vn/wp-content/plugins/woocommerce/packages/action-scheduler/classes/abstracts/ActionScheduler.php:143
Stack trace:
#0 /home/nhvntjnj/vnta.com.vn/wp-content/plugins/woocommerce/packages/action-scheduler/action-scheduler.php(55): ActionScheduler::init('/home/nhvntjnj/...')
#1 /home/nhvntjnj/vnta.com.vn/wp-content/plugins/mailpoet/vendor/woocommerce/action-scheduler/classes/ActionScheduler_Versions.php(39): action_scheduler_initialize_3_dot_5_dot_4()
#2 /home/nhvntjnj/vnta.com.vn/wp-includes/class-wp-hook.php(306): ActionScheduler_Versions::initialize_latest_version()
#3 /home/nhvntjnj/vnta.com.vn/wp-includes/class-wp-hook.php(332): WP_Hook->apply_filters(NULL, Array)
#4 /home/nhvntjnj/vnta.com.vn/wp-includes/plugin.php(517): WP_Hook->do_action(Array)
#5 /home/nhvntjnj/vnta.com.vn/wp-settings.php(480): do_action('plugins_loaded')
#6 /home/nhvntjnj/vnta.com.vn/wp-config.php(102): require_once('/home/nhvntjnj/...')
#7 /home in /home/nhvntjnj/vnta.com.vn/wp-content/plugins/woocommerce/packages/action-scheduler/classes/abstracts/ActionScheduler.php on line 143

2023-03-14T18:45:28+00:00 CRITICAL require(): Failed opening required '/home/nhvntjnj/vnta.com.vn/wp-content/plugins/woocommerce/src/Internal/Admin/Onboarding/OnboardingSync.php' (include_path='.:/opt/alt/php74/usr/share/pear') in /home/nhvntjnj/vnta.com.vn/wp-content/plugins/jetpack/vendor/jetpack-autoloader/class-php-autoloader.php on line 90

2023-03-14T18:45:39+00:00 CRITICAL require(): Failed opening required '/home/nhvntjnj/vnta.com.vn/wp-content/plugins/elementor/core/files/file-types/json.php' (include_path='.:/opt/alt/php74/usr/share/pear') in /home/nhvntjnj/vnta.com.vn/wp-content/plugins/elementor/includes/autoloader.php on line 294

2023-03-14T18:45:39+00:00 CRITICAL require(): Failed opening required '/home/nhvntjnj/vnta.com.vn/wp-content/plugins/elementor/core/files/file-types/json.php' (include_path='.:/opt/alt/php74/usr/share/pear') in /home/nhvntjnj/vnta.com.vn/wp-content/plugins/elementor/includes/autoloader.php on line 294

2023-03-14T18:45:39+00:00 CRITICAL require(): Failed opening required '/home/nhvntjnj/vnta.com.vn/wp-content/plugins/elementor/core/files/file-types/json.php' (include_path='.:/opt/alt/php74/usr/share/pear') in /home/nhvntjnj/vnta.com.vn/wp-content/plugins/elementor/includes/autoloader.php on line 294

2023-03-14T18:45:41+00:00 CRITICAL Uncaught Error: Class 'Templately\Core\Platform' not found in /home/nhvntjnj/vnta.com.vn/wp-content/plugins/templately/includes/Core/Platform/Gutenberg.php:17
Stack trace:
#0 /home/nhvntjnj/vnta.com.vn/wp-content/plugins/polylang/vendor/composer/ClassLoader.php(444): include()
#1 /home/nhvntjnj/vnta.com.vn/wp-content/plugins/polylang/vendor/composer/ClassLoader.php(322): Composer\Autoload\includeFile('/home/nhvntjnj/...')
#2 [internal function]: Composer\Autoload\ClassLoader->loadClass('Templately\\Core...')
#3 /home/nhvntjnj/vnta.com.vn/wp-content/plugins/templately/includes/Plugin.php(104): spl_autoload_call('Templately\\Core...')
#4 /home/nhvntjnj/vnta.com.vn/wp-content/plugins/templately/includes/Plugin.php(90): Templately\Plugin->platforms()
#5 /home/nhvntjnj/vnta.com.vn/wp-includes/class-wp-hook.php(308): Templately\Plugin->plugins_loaded('')
#6 /home/nhvntjnj/vnta.com.vn/wp-includes/class-wp-hook.php(332): WP_Hook->apply_filters(NULL, Array)
#7 /home/nhvntjnj/vnta.com.vn/wp-includes/plugin.php(517): WP in /home/nhvntjnj/vnta.com.vn/wp-content/plugins/templately/includes/Core/Platform/Gutenberg.php on line 17

2023-03-14T18:45:41+00:00 CRITICAL Uncaught Error: Class 'Templately\Core\Platform' not found in /home/nhvntjnj/vnta.com.vn/wp-content/plugins/templately/includes/Core/Platform/Gutenberg.php:17
Stack trace:
#0 /home/nhvntjnj/vnta.com.vn/wp-content/plugins/polylang/vendor/composer/ClassLoader.php(444): include()
#1 /home/nhvntjnj/vnta.com.vn/wp-content/plugins/polylang/vendor/composer/ClassLoader.php(322): Composer\Autoload\includeFile('/home/nhvntjnj/...')
#2 [internal function]: Composer\Autoload\ClassLoader->loadClass('Templately\\Core...')
#3 /home/nhvntjnj/vnta.com.vn/wp-content/plugins/templately/includes/Plugin.php(104): spl_autoload_call('Templately\\Core...')
#4 /home/nhvntjnj/vnta.com.vn/wp-content/plugins/templately/includes/Plugin.php(90): Templately\Plugin->platforms()
#5 /home/nhvntjnj/vnta.com.vn/wp-includes/class-wp-hook.php(308): Templately\Plugin->plugins_loaded('')
#6 /home/nhvntjnj/vnta.com.vn/wp-includes/class-wp-hook.php(332): WP_Hook->apply_filters(NULL, Array)
#7 /home/nhvntjnj/vnta.com.vn/wp-includes/plugin.php(517): WP in /home/nhvntjnj/vnta.com.vn/wp-content/plugins/templately/includes/Core/Platform/Gutenberg.php on line 17

2023-03-14T18:46:10+00:00 CRITICAL Uncaught Error: Class 'WPSMTP\Admin' not found in /home/nhvntjnj/vnta.com.vn/wp-content/plugins/wp-smtp/wp-smtp.php:77
Stack trace:
#0 /home/nhvntjnj/vnta.com.vn/wp-includes/class-wp-hook.php(308): WP_SMTP->load_admin_requirements('')
#1 /home/nhvntjnj/vnta.com.vn/wp-includes/class-wp-hook.php(332): WP_Hook->apply_filters(1, Array)
#2 /home/nhvntjnj/vnta.com.vn/wp-includes/plugin.php(517): WP_Hook->do_action(Array)
#3 /home/nhvntjnj/vnta.com.vn/wp-settings.php(639): do_action('wp_loaded')
#4 /home/nhvntjnj/vnta.com.vn/wp-config.php(102): require_once('/home/nhvntjnj/...')
#5 /home/nhvntjnj/vnta.com.vn/wp-load.php(50): require_once('/home/nhvntjnj/...')
#6 /home/nhvntjnj/vnta.com.vn/wp-admin/admin-ajax.php(22): require_once('/home/nhvntjnj/...')
#7 {main}
  thrown in /home/nhvntjnj/vnta.com.vn/wp-content/plugins/wp-smtp/wp-smtp.php on line 77

2023-03-14T18:46:15+00:00 CRITICAL require(): Failed opening required '/home/nhvntjnj/vnta.com.vn/wp-content/plugins/elementor/app/modules/onboarding/module.php' (include_path='.:/opt/alt/php74/usr/share/pear') in /home/nhvntjnj/vnta.com.vn/wp-content/plugins/elementor/includes/autoloader.php on line 294

2023-03-14T18:46:15+00:00 CRITICAL require(): Failed opening required '/home/nhvntjnj/vnta.com.vn/wp-content/plugins/elementor/app/app.php' (include_path='.:/opt/alt/php74/usr/share/pear') in /home/nhvntjnj/vnta.com.vn/wp-content/plugins/elementor/includes/autoloader.php on line 294

2023-03-14T18:46:15+00:00 CRITICAL require(): Failed opening required '/home/nhvntjnj/vnta.com.vn/wp-content/plugins/elementor/app/modules/import-export/module.php' (include_path='.:/opt/alt/php74/usr/share/pear') in /home/nhvntjnj/vnta.com.vn/wp-content/plugins/elementor/includes/autoloader.php on line 294

2023-03-14T18:46:38+00:00 CRITICAL require(): Failed opening required '/home/nhvntjnj/vnta.com.vn/wp-content/plugins/woocommerce/packages/woocommerce-blocks/src/Registry/Container.php' (include_path='.:/opt/alt/php74/usr/share/pear') in /home/nhvntjnj/vnta.com.vn/wp-content/plugins/jetpack/vendor/jetpack-autoloader/class-php-autoloader.php on line 90

2023-03-14T18:46:50+00:00 CRITICAL require(): Failed opening required '/home/nhvntjnj/vnta.com.vn/wp-content/plugins/woocommerce/packages/woocommerce-blocks/src/Integrations/IntegrationInterface.php' (include_path='.:/opt/alt/php74/usr/share/pear') in /home/nhvntjnj/vnta.com.vn/wp-content/plugins/jetpack/vendor/jetpack-autoloader/class-php-autoloader.php on line 90

2023-03-14T18:46:50+00:00 CRITICAL require(): Failed opening required '/home/nhvntjnj/vnta.com.vn/wp-content/plugins/woocommerce/packages/woocommerce-blocks/src/Payments/Integrations/PayPal.php' (include_path='.:/opt/alt/php74/usr/share/pear') in /home/nhvntjnj/vnta.com.vn/wp-content/plugins/jetpack/vendor/jetpack-autoloader/class-php-autoloader.php on line 90

2023-03-14T18:46:50+00:00 CRITICAL require(): Failed opening required '/home/nhvntjnj/vnta.com.vn/wp-content/plugins/woocommerce/packages/woocommerce-blocks/src/Integrations/IntegrationInterface.php' (include_path='.:/opt/alt/php74/usr/share/pear') in /home/nhvntjnj/vnta.com.vn/wp-content/plugins/jetpack/vendor/jetpack-autoloader/class-php-autoloader.php on line 90

2023-03-14T18:46:50+00:00 CRITICAL require(): Failed opening required '/home/nhvntjnj/vnta.com.vn/wp-content/plugins/woocommerce/packages/woocommerce-blocks/src/Payments/Integrations/PayPal.php' (include_path='.:/opt/alt/php74/usr/share/pear') in /home/nhvntjnj/vnta.com.vn/wp-content/plugins/jetpack/vendor/jetpack-autoloader/class-php-autoloader.php on line 90

2023-03-14T18:46:50+00:00 CRITICAL require(): Failed opening required '/home/nhvntjnj/vnta.com.vn/wp-content/plugins/woocommerce/packages/woocommerce-blocks/src/Integrations/IntegrationInterface.php' (include_path='.:/opt/alt/php74/usr/share/pear') in /home/nhvntjnj/vnta.com.vn/wp-content/plugins/jetpack/vendor/jetpack-autoloader/class-php-autoloader.php on line 90

2023-03-14T18:46:50+00:00 CRITICAL require(): Failed opening required '/home/nhvntjnj/vnta.com.vn/wp-content/plugins/woocommerce/packages/woocommerce-blocks/src/Integrations/IntegrationInterface.php' (include_path='.:/opt/alt/php74/usr/share/pear') in /home/nhvntjnj/vnta.com.vn/wp-content/plugins/jetpack/vendor/jetpack-autoloader/class-php-autoloader.php on line 90

2023-03-14T18:46:50+00:00 CRITICAL require(): Failed opening required '/home/nhvntjnj/vnta.com.vn/wp-content/plugins/woocommerce/packages/woocommerce-blocks/src/Integrations/IntegrationInterface.php' (include_path='.:/opt/alt/php74/usr/share/pear') in /home/nhvntjnj/vnta.com.vn/wp-content/plugins/jetpack/vendor/jetpack-autoloader/class-php-autoloader.php on line 90

2023-03-14T18:46:50+00:00 CRITICAL require(): Failed opening required '/home/nhvntjnj/vnta.com.vn/wp-content/plugins/woocommerce/packages/woocommerce-blocks/src/Integrations/IntegrationInterface.php' (include_path='.:/opt/alt/php74/usr/share/pear') in /home/nhvntjnj/vnta.com.vn/wp-content/plugins/jetpack/vendor/jetpack-autoloader/class-php-autoloader.php on line 90

