2023-03-19T20:16:56+00:00 CRITICAL Uncaught Error: Class 'PLL_Query' not found in /home/nhvntjnj/vnta.com.vn/wp-content/plugins/polylang/frontend/frontend.php:154
Stack trace:
#0 /home/nhvntjnj/vnta.com.vn/wp-includes/class-wp-hook.php(308): PLL_Frontend->parse_tax_query(Object(WP_Query))
#1 /home/nhvntjnj/vnta.com.vn/wp-includes/class-wp-hook.php(332): WP_Hook->apply_filters('', Array)
#2 /home/nhvntjnj/vnta.com.vn/wp-includes/plugin.php(517): WP_Hook->do_action(Array)
#3 /home/nhvntjnj/vnta.com.vn/wp-includes/class-wp-query.php(1368): do_action('parse_tax_query', Object(WP_Query))
#4 /home/nhvntjnj/vnta.com.vn/wp-includes/class-wp-query.php(936): WP_Query->parse_tax_query(Array)
#5 /home/nhvntjnj/vnta.com.vn/wp-includes/class-wp-query.php(1820): WP_Query->parse_query()
#6 /home/nhvntjnj/vnta.com.vn/wp-includes/class-wp-query.php(3749): WP_Query->get_posts()
#7 /home/nhvntjnj/vnta.com.vn/wp-includes/post.php(2415): WP_Query->query(Array)
#8 /home/nhvntjnj/vnta.com.vn/wp-content/plugins/cf7-styler/includes/lib/Cf7_Style_Scheme.php(1024): get_p in /home/nhvntjnj/vnta.com.vn/wp-content/plugins/polylang/frontend/frontend.php on line 154

2023-03-19T20:18:18+00:00 CRITICAL require(): Failed opening required '/home/nhvntjnj/vnta.com.vn/wp-content/plugins/woocommerce/packages/woocommerce-blocks/src/BlockTypes/StockFilter.php' (include_path='.:/opt/alt/php74/usr/share/pear') in /home/nhvntjnj/vnta.com.vn/wp-content/plugins/jetpack/vendor/jetpack-autoloader/class-php-autoloader.php on line 90

2023-03-19T20:18:18+00:00 CRITICAL Uncaught Error: Class '\ElementorPro\Modules\CustomAttributes\Module' not found in /home/nhvntjnj/vnta.com.vn/wp-content/plugins/elementor-pro/core/modules-manager.php:74
Stack trace:
#0 /home/nhvntjnj/vnta.com.vn/wp-content/plugins/elementor-pro/plugin.php(357): ElementorPro\Core\Modules_Manager->__construct()
#1 /home/nhvntjnj/vnta.com.vn/wp-includes/class-wp-hook.php(308): ElementorPro\Plugin->on_elementor_init('')
#2 /home/nhvntjnj/vnta.com.vn/wp-includes/class-wp-hook.php(332): WP_Hook->apply_filters(NULL, Array)
#3 /home/nhvntjnj/vnta.com.vn/wp-includes/plugin.php(517): WP_Hook->do_action(Array)
#4 /home/nhvntjnj/vnta.com.vn/wp-content/plugins/elementor/includes/plugin.php(652): do_action('elementor/init')
#5 /home/nhvntjnj/vnta.com.vn/wp-includes/class-wp-hook.php(308): Elementor\Plugin->init('')
#6 /home/nhvntjnj/vnta.com.vn/wp-includes/class-wp-hook.php(332): WP_Hook->apply_filters(NULL, Array)
#7 /home/nhvntjnj/vnta.com.vn/wp-includes/plugin.php(517): WP_Hook->do_action(Array)
#8 /home/nhvntjnj/vnta in /home/nhvntjnj/vnta.com.vn/wp-content/plugins/elementor-pro/core/modules-manager.php on line 74

2023-03-19T20:18:19+00:00 CRITICAL require(): Failed opening required '/home/nhvntjnj/vnta.com.vn/wp-content/plugins/google-listings-and-ads/src/DB/Table/BudgetRecommendationTable.php' (include_path='.:/opt/alt/php74/usr/share/pear') in /home/nhvntjnj/vnta.com.vn/wp-content/plugins/jetpack/vendor/jetpack-autoloader/class-php-autoloader.php on line 90

2023-03-19T20:18:31+00:00 CRITICAL Uncaught Error: Class 'Yoast\WP\SEO\Surfaces\Open_Graph_Helpers_Surface' not found in /home/nhvntjnj/vnta.com.vn/wp-content/plugins/wordpress-seo/src/generated/container.php:5046
Stack trace:
#0 /home/nhvntjnj/vnta.com.vn/wp-content/plugins/wordpress-seo/vendor_prefixed/symfony/dependency-injection/Container.php(271): Yoast\WP\SEO\Generated\Cached_Container->getHelpersSurfaceService()
#1 /home/nhvntjnj/vnta.com.vn/wp-content/plugins/wordpress-seo/lib/abstract-main.php(65): YoastSEO_Vendor\Symfony\Component\DependencyInjection\Container->get('Yoast\\WP\\SEO\\Su...')
#2 /home/nhvntjnj/vnta.com.vn/wp-content/plugins/wordpress-seo/admin/watchers/class-slug-change-watcher.php(20): Yoast\WP\Lib\Abstract_Main->__get('helpers')
#3 /home/nhvntjnj/vnta.com.vn/wp-content/plugins/wordpress-seo/wp-seo-main.php(355): WPSEO_Slug_Change_Watcher->register_hooks()
#4 /home/nhvntjnj/vnta.com.vn/wp-includes/class-wp-hook.php(308): wpseo_init('')
#5 /home/nhvntjnj/vnta.com.vn/wp-includes/class-wp-hook.php(332): WP_Hook->apply_fil in /home/nhvntjnj/vnta.com.vn/wp-content/plugins/wordpress-seo/src/generated/container.php on line 5046

2023-03-19T20:19:59+00:00 CRITICAL require(): Failed opening required '/home/nhvntjnj/vnta.com.vn/wp-content/plugins/elementor/core/common/modules/event-tracker/db.php' (include_path='.:/opt/alt/php74/usr/share/pear') in /home/nhvntjnj/vnta.com.vn/wp-content/plugins/elementor/includes/autoloader.php on line 294

2023-03-19T23:19:58+00:00 CRITICAL require(): Failed opening required '/home/nhvntjnj/vnta.com.vn/wp-content/plugins/woocommerce/packages/woocommerce-blocks/build/mini-cart.asset.php' (include_path='.:/opt/alt/php74/usr/share/pear') in /home/nhvntjnj/vnta.com.vn/wp-content/plugins/woocommerce/packages/woocommerce-blocks/src/Assets/Api.php on line 98

2023-03-19T23:19:58+00:00 CRITICAL require(): Failed opening required '/home/nhvntjnj/vnta.com.vn/wp-content/plugins/woocommerce/packages/woocommerce-blocks/build/mini-cart.asset.php' (include_path='.:/opt/alt/php74/usr/share/pear') in /home/nhvntjnj/vnta.com.vn/wp-content/plugins/woocommerce/packages/woocommerce-blocks/src/Assets/Api.php on line 98

2023-03-19T23:19:58+00:00 CRITICAL require_once(): Failed opening required '/home/nhvntjnj/vnta.com.vn/wp-content/plugins/jetpack/_inc/lib/core-api/wpcom-endpoints/class-wpcom-rest-api-v2-endpoint-mailchimp.php' (include_path='.:/opt/alt/php74/usr/share/pear') in /home/nhvntjnj/vnta.com.vn/wp-content/plugins/jetpack/_inc/lib/core-api/load-wpcom-endpoints.php on line 32

